[ 2026-01-22 11:41:10,101 ] INFO : Starting text summarization
[ 2026-01-22 11:41:10,180 ] INFO : Summarization completed successfully
[ 2026-01-22 12:00:28,246 ] INFO : Starting text summarization
[ 2026-01-22 12:00:28,273 ] INFO : Summarization completed successfully
[ 2026-01-22 12:01:07,102 ] INFO : Starting text summarization
[ 2026-01-22 12:01:07,105 ] INFO : Summarization completed successfully
[ 2026-01-22 12:01:18,232 ] INFO : Starting text summarization
[ 2026-01-22 12:01:18,235 ] INFO : Summarization completed successfully
[ 2026-01-22 12:01:27,505 ] INFO : Starting text summarization
[ 2026-01-22 12:01:27,507 ] INFO : Summarization completed successfully
[ 2026-01-22 12:05:39,713 ] INFO : Starting text summarization
[ 2026-01-22 12:05:39,782 ] INFO : Summarization completed successfully
[ 2026-01-22 12:06:17,075 ] INFO : Starting text summarization
[ 2026-01-22 12:06:17,100 ] INFO : Summarization completed successfully
[ 2026-01-22 12:07:03,430 ] INFO : Starting text summarization
[ 2026-01-22 12:07:03,432 ] INFO : Summarization completed successfully
[ 2026-01-22 12:07:43,698 ] INFO : Starting text summarization
[ 2026-01-22 12:07:43,700 ] INFO : Summarization completed successfully
[ 2026-01-22 12:18:17,993 ] INFO : Loading abstractive summarization model
[ 2026-01-22 12:18:19,586 ] WARNING : Xet Storage is enabled for this repo, but the 'hf_xet' package is not installed. Falling back to regular HTTP download. For better performance, install the package with: `pip install huggingface_hub[hf_xet]` or `pip install hf_xet`
[ 2026-01-22 12:22:46,049 ] WARNING : Xet Storage is enabled for this repo, but the 'hf_xet' package is not installed. Falling back to regular HTTP download. For better performance, install the package with: `pip install huggingface_hub[hf_xet]` or `pip install hf_xet`
[ 2026-01-22 12:22:48,998 ] INFO : Generating abstractive summary
[ 2026-01-22 12:29:50,693 ] INFO : Loading abstractive summarization model
[ 2026-01-22 12:29:54,638 ] INFO : Generating abstractive summary
